<?xml version="1.0" encoding="UTF-8"?>
<testsuite xmlns:xsi="http://www.w3.org/2001/XMLSchema-instance" xsi:noNamespaceSchemaLocation="https://maven.apache.org/surefire/maven-surefire-plugin/xsd/surefire-test-report.xsd" name="gr.codehub.toDoAppWithLogin.service.ItemServiceTest" time="7.821" tests="2" errors="0" skipped="0" failures="0">
  <properties>
[...]
</properties>
  <testcase name="givenStatus_whenAccessAppHealth_thenStatus200" classname="gr.codehub.toDoAppWithLogin.service.ItemServiceTest" time="0.426"/>
  <testcase name="insertItem" classname="gr.codehub.toDoAppWithLogin.service.ItemServiceTest" time="0.003"/>
</testsuite>